[debug] [2022-11-11T17:49:02.085Z] ----------------------------------------------------------------------
[debug] [2022-11-11T17:49:02.086Z] Command:       /usr/bin/node /usr/bin/firebase deploy
[debug] [2022-11-11T17:49:02.086Z] CLI Version:   11.15.0
[debug] [2022-11-11T17:49:02.086Z] Platform:      linux
[debug] [2022-11-11T17:49:02.087Z] Node Version:  v16.15.1
[debug] [2022-11-11T17:49:02.093Z] Time:          Fri Nov 11 2022 12:49:02 GMT-0500 (Eastern Standard Time)
[debug] [2022-11-11T17:49:02.093Z] ----------------------------------------------------------------------
[debug] 
[debug] [2022-11-11T17:49:02.172Z] > command requires scopes: ["email","openid","https://www.googleapis.com/auth/cloudplatformprojects.readonly","https://www.googleapis.com/auth/firebase","https://www.googleapis.com/auth/cloud-platform"]
[debug] [2022-11-11T17:49:02.172Z] > authorizing via signed-in user (noyonahammadkhan@gmail.com)
[debug] [2022-11-11T17:49:02.173Z] [iam] checking project service-project-46f3f for permissions ["firebase.projects.get","firebasehosting.sites.update"]
[debug] [2022-11-11T17:49:02.174Z] >>> [apiv2][query] POST https://cloudresourcemanager.googleapis.com/v1/projects/service-project-46f3f:testIamPermissions [none]
[debug] [2022-11-11T17:49:02.175Z] >>> [apiv2][(partial)header] POST https://cloudresourcemanager.googleapis.com/v1/projects/service-project-46f3f:testIamPermissions x-goog-quota-user=projects/service-project-46f3f
[debug] [2022-11-11T17:49:02.175Z] >>> [apiv2][body] POST https://cloudresourcemanager.googleapis.com/v1/projects/service-project-46f3f:testIamPermissions {"permissions":["firebase.projects.get","firebasehosting.sites.update"]}
[debug] [2022-11-11T17:49:03.362Z] <<< [apiv2][status] POST https://cloudresourcemanager.googleapis.com/v1/projects/service-project-46f3f:testIamPermissions 200
[debug] [2022-11-11T17:49:03.363Z] <<< [apiv2][body] POST https://cloudresourcemanager.googleapis.com/v1/projects/service-project-46f3f:testIamPermissions {"permissions":["firebase.projects.get","firebasehosting.sites.update"]}
[debug] [2022-11-11T17:49:03.364Z] >>> [apiv2][query] GET https://firebase.googleapis.com/v1beta1/projects/service-project-46f3f [none]
[debug] [2022-11-11T17:49:04.079Z] <<< [apiv2][status] GET https://firebase.googleapis.com/v1beta1/projects/service-project-46f3f 200
[debug] [2022-11-11T17:49:04.080Z] <<< [apiv2][body] GET https://firebase.googleapis.com/v1beta1/projects/service-project-46f3f {"projectId":"service-project-46f3f","projectNumber":"902517895882","displayName":"service-project","name":"projects/service-project-46f3f","resources":{"hostingSite":"service-project-46f3f"},"state":"ACTIVE","etag":"1_bea8b7b7-35d2-4854-bcce-7113e4a44084"}
[info] 
[info] === Deploying to 'service-project-46f3f'...
[info] 
[info] i  deploying hosting 
[debug] [2022-11-11T17:49:04.086Z] >>> [apiv2][query] POST https://firebasehosting.googleapis.com/v1beta1/projects/-/sites/service-project-46f3f/versions [none]
[debug] [2022-11-11T17:49:04.086Z] >>> [apiv2][body] POST https://firebasehosting.googleapis.com/v1beta1/projects/-/sites/service-project-46f3f/versions {"status":"CREATED","labels":{"deployment-tool":"cli-firebase"}}
[debug] [2022-11-11T17:49:05.905Z] <<< [apiv2][status] POST https://firebasehosting.googleapis.com/v1beta1/projects/-/sites/service-project-46f3f/versions 200
[debug] [2022-11-11T17:49:05.906Z] <<< [apiv2][body] POST https://firebasehosting.googleapis.com/v1beta1/projects/-/sites/service-project-46f3f/versions {"name":"projects/902517895882/sites/service-project-46f3f/versions/ad28d6a526fe7542","status":"CREATED","config":{},"labels":{"deployment-tool":"cli-firebase"}}
[info] i  hosting[service-project-46f3f]: beginning deploy... 
[info] i  hosting[service-project-46f3f]: found 16 files in build 
[debug] [2022-11-11T17:49:05.921Z] [hosting] uploading with 200 concurrency
[debug] [2022-11-11T17:49:06.221Z] [hosting] hash cache [YnVpbGQ] stored for 16 files
[debug] [2022-11-11T17:49:06.222Z] [hosting][hash queue][FINAL] {"max":292,"min":7,"avg":28.25,"active":0,"complete":16,"success":16,"errored":0,"retried":0,"total":16,"elapsed":299}
[debug] [2022-11-11T17:49:06.222Z] >>> [apiv2][query] POST https://firebasehosting.googleapis.com/v1beta1/projects/902517895882/sites/service-project-46f3f/versions/ad28d6a526fe7542:populateFiles [none]
[debug] [2022-11-11T17:49:06.222Z] >>> [apiv2][body] POST https://firebasehosting.googleapis.com/v1beta1/projects/902517895882/sites/service-project-46f3f/versions/ad28d6a526fe7542:populateFiles {"files":{"/asset-manifest.json":"58c0dd894c133e343c1e532b1f6a89a25753328cff8fd355cc9443cbb150ca5c","/index.html":"6b17a66778670d6c58aa82331a67dd42246dc79053cd604ae5b44228bc8311a7","/manifest.json":"0958a5e0c831126100c8c2d06a6bbaa665a3900f21aaff4130238a6f5a113aa1","/robots.txt":"2544ca049f223a42bff01f72ad930a5edba75bbb7199d0f8430a02ff5aca16ec","/static/js/787.28cb0dcd.chunk.js":"075c16807dd9985e1d3678736482340e056a4e804f552e2ec508659614427876","/static/css/main.2e168949.css":"f5bdc11c1a2a256598451cff2329779d1bdd3f71bf6b6e62bd0be55600fb434b","/logo512.png":"7779210d56c1f3741e2e487799fe3092def4fa6ac450a60532b807c3a8971205","/static/js/main.3b57a0d0.js.LICENSE.txt":"d37ae549bad30b245db7102044ad350b775698eb67579afa1e956ed56f98fd74","/static/css/main.2e168949.css.map":"48d76058af949edd6ff58a58714cb7428c280ccc0fd6a285d105c1d2b0ee8b08","/static/js/787.28cb0dcd.chunk.js.map":"698f989be36dd0588a4183f5d72ccc46289ed550225f59deb1c90f88378eff41","/logo192.png":"76c449ccb9cd117c2f2338f091b18f7050f3210e249b2228f5c81b23f34377cd","/static/media/logo.6ce24c58023cc2f8fd88fe9d219db6c6.svg":"7d3ee40656c5a13fa0b04821777c1ba40bd028faa5c0e7475f61021d03fd35d6","/static/media/logo.873d87de82ad50981e4d.jpeg":"343af54adff1faf9dec47b448e67f78a2dcee100293615b95c7e4cc26ce6902c","/favicon.ico":"ba374101b94df0b37ca2bb859e1c0cb275467112517ca85b72d3c590e6ee299c","/static/js/main.3b57a0d0.js":"a143e5310bd7885abc65bd9439b58fef84b95ea1d0857ab540f48b24f90b002c","/static/js/main.3b57a0d0.js.map":"bbfb0166327c98beec93492a068ec3d25b511c974035a1e4c04572833d10c65b"}}
[debug] [2022-11-11T17:49:07.673Z] <<< [apiv2][status] POST https://firebasehosting.googleapis.com/v1beta1/projects/902517895882/sites/service-project-46f3f/versions/ad28d6a526fe7542:populateFiles 200
[debug] [2022-11-11T17:49:07.673Z] <<< [apiv2][body] POST https://firebasehosting.googleapis.com/v1beta1/projects/902517895882/sites/service-project-46f3f/versions/ad28d6a526fe7542:populateFiles {"uploadRequiredHashes":["bbfb0166327c98beec93492a068ec3d25b511c974035a1e4c04572833d10c65b","a143e5310bd7885abc65bd9439b58fef84b95ea1d0857ab540f48b24f90b002c","58c0dd894c133e343c1e532b1f6a89a25753328cff8fd355cc9443cbb150ca5c","6b17a66778670d6c58aa82331a67dd42246dc79053cd604ae5b44228bc8311a7"],"uploadUrl":"https://upload-firebasehosting.googleapis.com/upload/sites/service-project-46f3f/versions/ad28d6a526fe7542/files"}
[debug] [2022-11-11T17:49:07.675Z] >>> [apiv2][query] POST https://upload-firebasehosting.googleapis.com/upload/sites/service-project-46f3f/versions/ad28d6a526fe7542/files/bbfb0166327c98beec93492a068ec3d25b511c974035a1e4c04572833d10c65b [none]
[debug] [2022-11-11T17:49:07.676Z] >>> [apiv2][body] POST https://upload-firebasehosting.googleapis.com/upload/sites/service-project-46f3f/versions/ad28d6a526fe7542/files/bbfb0166327c98beec93492a068ec3d25b511c974035a1e4c04572833d10c65b [stream]
[debug] [2022-11-11T17:49:07.678Z] >>> [apiv2][query] POST https://upload-firebasehosting.googleapis.com/upload/sites/service-project-46f3f/versions/ad28d6a526fe7542/files/a143e5310bd7885abc65bd9439b58fef84b95ea1d0857ab540f48b24f90b002c [none]
[debug] [2022-11-11T17:49:07.678Z] >>> [apiv2][body] POST https://upload-firebasehosting.googleapis.com/upload/sites/service-project-46f3f/versions/ad28d6a526fe7542/files/a143e5310bd7885abc65bd9439b58fef84b95ea1d0857ab540f48b24f90b002c [stream]
[debug] [2022-11-11T17:49:07.680Z] >>> [apiv2][query] POST https://upload-firebasehosting.googleapis.com/upload/sites/service-project-46f3f/versions/ad28d6a526fe7542/files/58c0dd894c133e343c1e532b1f6a89a25753328cff8fd355cc9443cbb150ca5c [none]
[debug] [2022-11-11T17:49:07.680Z] >>> [apiv2][body] POST https://upload-firebasehosting.googleapis.com/upload/sites/service-project-46f3f/versions/ad28d6a526fe7542/files/58c0dd894c133e343c1e532b1f6a89a25753328cff8fd355cc9443cbb150ca5c [stream]
[debug] [2022-11-11T17:49:07.682Z] >>> [apiv2][query] POST https://upload-firebasehosting.googleapis.com/upload/sites/service-project-46f3f/versions/ad28d6a526fe7542/files/6b17a66778670d6c58aa82331a67dd42246dc79053cd604ae5b44228bc8311a7 [none]
[debug] [2022-11-11T17:49:07.682Z] >>> [apiv2][body] POST https://upload-firebasehosting.googleapis.com/upload/sites/service-project-46f3f/versions/ad28d6a526fe7542/files/6b17a66778670d6c58aa82331a67dd42246dc79053cd604ae5b44228bc8311a7 [stream]
[debug] [2022-11-11T17:49:07.683Z] [hosting][populate queue][FINAL] {"max":1454,"min":1454,"avg":1454,"active":0,"complete":1,"success":1,"errored":0,"retried":0,"total":1,"elapsed":1462}
[debug] [2022-11-11T17:49:07.683Z] [hosting] uploads queued: 4
[debug] [2022-11-11T17:49:09.948Z] <<< [apiv2][status] POST https://upload-firebasehosting.googleapis.com/upload/sites/service-project-46f3f/versions/ad28d6a526fe7542/files/58c0dd894c133e343c1e532b1f6a89a25753328cff8fd355cc9443cbb150ca5c 200
[debug] [2022-11-11T17:49:09.948Z] <<< [apiv2][body] POST https://upload-firebasehosting.googleapis.com/upload/sites/service-project-46f3f/versions/ad28d6a526fe7542/files/58c0dd894c133e343c1e532b1f6a89a25753328cff8fd355cc9443cbb150ca5c [stream]
[debug] [2022-11-11T17:49:11.007Z] <<< [apiv2][status] POST https://upload-firebasehosting.googleapis.com/upload/sites/service-project-46f3f/versions/ad28d6a526fe7542/files/6b17a66778670d6c58aa82331a67dd42246dc79053cd604ae5b44228bc8311a7 200
[debug] [2022-11-11T17:49:11.008Z] <<< [apiv2][body] POST https://upload-firebasehosting.googleapis.com/upload/sites/service-project-46f3f/versions/ad28d6a526fe7542/files/6b17a66778670d6c58aa82331a67dd42246dc79053cd604ae5b44228bc8311a7 [stream]
[debug] [2022-11-11T17:49:11.165Z] <<< [apiv2][status] POST https://upload-firebasehosting.googleapis.com/upload/sites/service-project-46f3f/versions/ad28d6a526fe7542/files/a143e5310bd7885abc65bd9439b58fef84b95ea1d0857ab540f48b24f90b002c 200
[debug] [2022-11-11T17:49:11.166Z] <<< [apiv2][body] POST https://upload-firebasehosting.googleapis.com/upload/sites/service-project-46f3f/versions/ad28d6a526fe7542/files/a143e5310bd7885abc65bd9439b58fef84b95ea1d0857ab540f48b24f90b002c [stream]
[debug] [2022-11-11T17:49:14.105Z] <<< [apiv2][status] POST https://upload-firebasehosting.googleapis.com/upload/sites/service-project-46f3f/versions/ad28d6a526fe7542/files/bbfb0166327c98beec93492a068ec3d25b511c974035a1e4c04572833d10c65b 200
[debug] [2022-11-11T17:49:14.105Z] <<< [apiv2][body] POST https://upload-firebasehosting.googleapis.com/upload/sites/service-project-46f3f/versions/ad28d6a526fe7542/files/bbfb0166327c98beec93492a068ec3d25b511c974035a1e4c04572833d10c65b [stream]
[debug] [2022-11-11T17:49:14.105Z] [hosting][upload queue][FINAL] {"max":6431,"min":2273,"avg":3882,"active":0,"complete":4,"success":4,"errored":0,"retried":0,"total":4,"elapsed":6431}
[info] ✔  hosting[service-project-46f3f]: file upload complete 
[debug] [2022-11-11T17:49:14.107Z] [hosting] deploy completed after 8199ms
[debug] [2022-11-11T17:49:14.109Z] [
  {
    "config": {
      "public": "build",
      "ignore": [
        "firebase.json",
        "**/.*",
        "**/node_modules/**"
      ],
      "rewrites": [
        {
          "source": "**",
          "destination": "/index.html"
        }
      ],
      "site": "service-project-46f3f"
    },
    "version": "projects/902517895882/sites/service-project-46f3f/versions/ad28d6a526fe7542"
  }
]
[info] i  hosting[service-project-46f3f]: finalizing version... 
[debug] [2022-11-11T17:49:14.111Z] >>> [apiv2][query] PATCH https://firebasehosting.googleapis.com/v1beta1/projects/-/sites/service-project-46f3f/versions/ad28d6a526fe7542 updateMask=status%2Cconfig
[debug] [2022-11-11T17:49:14.111Z] >>> [apiv2][body] PATCH https://firebasehosting.googleapis.com/v1beta1/projects/-/sites/service-project-46f3f/versions/ad28d6a526fe7542 {"status":"FINALIZED","config":{"rewrites":[{"glob":"**","path":"/index.html"}]}}
